Analysis & Synthesis report for Examen
Thu Dec 02 10:10:46 2021
Quartus Prime Version 19.1.0 Build 670 09/22/2019 SJ Lite Edition


---------------------
; Table of Contents ;
---------------------
  1. Legal Notice
  2. Analysis & Synthesis Summary
  3. Analysis & Synthesis Settings
  4. Parallel Compilation
  5. Analysis & Synthesis Source Files Read
  6. Analysis & Synthesis Resource Usage Summary
  7. Analysis & Synthesis Resource Utilization by Entity
  8. State Machine - |Structural|MSS:Controller|y
  9. Registers Removed During Synthesis
 10. General Register Statistics
 11. Parameter Settings for User Entity Instance: Comparador_3in:Bloque_Amarillo
 12. Parameter Settings for User Entity Instance: Reg:Registro1
 13. Parameter Settings for User Entity Instance: Reg:Registro2
 14. Parameter Settings for User Entity Instance: Reg:Registro3
 15. Parameter Settings for User Entity Instance: Mux4a1:multiplexer
 16. Parameter Settings for User Entity Instance: Reg:RegistroMax
 17. Parameter Settings for User Entity Instance: Reg:RegistroMin
 18. Port Connectivity Checks: "Mux4a1:multiplexer"
 19. Port Connectivity Checks: "Comparador_3in:Bloque_Amarillo"
 20. Port Connectivity Checks: "MSS:Controller"
 21. Post-Synthesis Netlist Statistics for Top Partition
 22. Elapsed Time Per Partition
 23. Analysis & Synthesis Messages



----------------
; Legal Notice ;
----------------
Copyright (C) 2019  Intel Corporation. All rights reserved.
Your use of Intel Corporation's design tools, logic functions 
and other software and tools, and any partner logic 
functions, and any output files from any of the foregoing 
(including device programming or simulation files), and any 
associated documentation or information are expressly subject 
to the terms and conditions of the Intel Program License 
Subscription Agreement, the Intel Quartus Prime License Agreement,
the Intel FPGA IP License Agreement, or other applicable license
agreement, including, without limitation, that your use is for
the sole purpose of programming logic devices manufactured by
Intel and sold by Intel or its authorized distributors.  Please
refer to the applicable agreement for further details, at
https://fpgasoftware.intel.com/eula.



+-------------------------------------------------------------------------------+
; Analysis & Synthesis Summary                                                  ;
+---------------------------------+---------------------------------------------+
; Analysis & Synthesis Status     ; Successful - Thu Dec 02 10:10:46 2021       ;
; Quartus Prime Version           ; 19.1.0 Build 670 09/22/2019 SJ Lite Edition ;
; Revision Name                   ; Examen                                      ;
; Top-level Entity Name           ; Structural                                  ;
; Family                          ; Cyclone V                                   ;
; Logic utilization (in ALMs)     ; N/A                                         ;
; Total registers                 ; 17                                          ;
; Total pins                      ; 30                                          ;
; Total virtual pins              ; 0                                           ;
; Total block memory bits         ; 0                                           ;
; Total DSP Blocks                ; 0                                           ;
; Total HSSI RX PCSs              ; 0                                           ;
; Total HSSI PMA RX Deserializers ; 0                                           ;
; Total HSSI TX PCSs              ; 0                                           ;
; Total HSSI PMA TX Serializers   ; 0                                           ;
; Total PLLs                      ; 0                                           ;
; Total DLLs                      ; 0                                           ;
+---------------------------------+---------------------------------------------+


+---------------------------------------------------------------------------------------------------------------------------+
; Analysis & Synthesis Settings                                                                                             ;
+---------------------------------------------------------------------------------+--------------------+--------------------+
; Option                                                                          ; Setting            ; Default Value      ;
+---------------------------------------------------------------------------------+--------------------+--------------------+
; Device                                                                          ; 5CSEBA6U23I7       ;                    ;
; Top-level entity name                                                           ; Structural         ; Examen             ;
; Family name                                                                     ; Cyclone V          ; Cyclone V          ;
; Use smart compilation                                                           ; Off                ; Off                ;
; Enable parallel Assembler and Timing Analyzer during compilation                ; On                 ; On                 ;
; Enable compact report table                                                     ; Off                ; Off                ;
; Restructure Multiplexers                                                        ; Auto               ; Auto               ;
; MLAB Add Timing Constraints For Mixed-Port Feed-Through Mode Setting Don't Care ; Off                ; Off                ;
; Create Debugging Nodes for IP Cores                                             ; Off                ; Off                ;
; Preserve fewer node names                                                       ; On                 ; On                 ;
; Intel FPGA IP Evaluation Mode                                                   ; Enable             ; Enable             ;
; Verilog Version                                                                 ; Verilog_2001       ; Verilog_2001       ;
; VHDL Version                                                                    ; VHDL_1993          ; VHDL_1993          ;
; State Machine Processing                                                        ; Auto               ; Auto               ;
; Safe State Machine                                                              ; Off                ; Off                ;
; Extract Verilog State Machines                                                  ; On                 ; On                 ;
; Extract VHDL State Machines                                                     ; On                 ; On                 ;
; Ignore Verilog initial constructs                                               ; Off                ; Off                ;
; Iteration limit for constant Verilog loops                                      ; 5000               ; 5000               ;
; Iteration limit for non-constant Verilog loops                                  ; 250                ; 250                ;
; Add Pass-Through Logic to Inferred RAMs                                         ; On                 ; On                 ;
; Infer RAMs from Raw Logic                                                       ; On                 ; On                 ;
; Parallel Synthesis                                                              ; On                 ; On                 ;
; DSP Block Balancing                                                             ; Auto               ; Auto               ;
; NOT Gate Push-Back                                                              ; On                 ; On                 ;
; Power-Up Don't Care                                                             ; On                 ; On                 ;
; Remove Redundant Logic Cells                                                    ; Off                ; Off                ;
; Remove Duplicate Registers                                                      ; On                 ; On                 ;
; Ignore CARRY Buffers                                                            ; Off                ; Off                ;
; Ignore CASCADE Buffers                                                          ; Off                ; Off                ;
; Ignore GLOBAL Buffers                                                           ; Off                ; Off                ;
; Ignore ROW GLOBAL Buffers                                                       ; Off                ; Off                ;
; Ignore LCELL Buffers                                                            ; Off                ; Off                ;
; Ignore SOFT Buffers                                                             ; On                 ; On                 ;
; Limit AHDL Integers to 32 Bits                                                  ; Off                ; Off                ;
; Optimization Technique                                                          ; Balanced           ; Balanced           ;
; Carry Chain Length                                                              ; 70                 ; 70                 ;
; Auto Carry Chains                                                               ; On                 ; On                 ;
; Auto Open-Drain Pins                                                            ; On                 ; On                 ;
; Perform WYSIWYG Primitive Resynthesis                                           ; Off                ; Off                ;
; Auto ROM Replacement                                                            ; On                 ; On                 ;
; Auto RAM Replacement                                                            ; On                 ; On                 ;
; Auto DSP Block Replacement                                                      ; On                 ; On                 ;
; Auto Shift Register Replacement                                                 ; Auto               ; Auto               ;
; Allow Shift Register Merging across Hierarchies                                 ; Auto               ; Auto               ;
; Auto Clock Enable Replacement                                                   ; On                 ; On                 ;
; Strict RAM Replacement                                                          ; Off                ; Off                ;
; Allow Synchronous Control Signals                                               ; On                 ; On                 ;
; Force Use of Synchronous Clear Signals                                          ; Off                ; Off                ;
; Auto Resource Sharing                                                           ; Off                ; Off                ;
; Allow Any RAM Size For Recognition                                              ; Off                ; Off                ;
; Allow Any ROM Size For Recognition                                              ; Off                ; Off                ;
; Allow Any Shift Register Size For Recognition                                   ; Off                ; Off                ;
; Use LogicLock Constraints during Resource Balancing                             ; On                 ; On                 ;
; Ignore translate_off and synthesis_off directives                               ; Off                ; Off                ;
; Timing-Driven Synthesis                                                         ; On                 ; On                 ;
; Report Parameter Settings                                                       ; On                 ; On                 ;
; Report Source Assignments                                                       ; On                 ; On                 ;
; Report Connectivity Checks                                                      ; On                 ; On                 ;
; Ignore Maximum Fan-Out Assignments                                              ; Off                ; Off                ;
; Synchronization Register Chain Length                                           ; 3                  ; 3                  ;
; Power Optimization During Synthesis                                             ; Normal compilation ; Normal compilation ;
; HDL message level                                                               ; Level2             ; Level2             ;
; Suppress Register Optimization Related Messages                                 ; Off                ; Off                ;
; Number of Removed Registers Reported in Synthesis Report                        ; 5000               ; 5000               ;
; Number of Swept Nodes Reported in Synthesis Report                              ; 5000               ; 5000               ;
; Number of Inverted Registers Reported in Synthesis Report                       ; 100                ; 100                ;
; Clock MUX Protection                                                            ; On                 ; On                 ;
; Auto Gated Clock Conversion                                                     ; Off                ; Off                ;
; Block Design Naming                                                             ; Auto               ; Auto               ;
; SDC constraint protection                                                       ; Off                ; Off                ;
; Synthesis Effort                                                                ; Auto               ; Auto               ;
; Shift Register Replacement - Allow Asynchronous Clear Signal                    ; On                 ; On                 ;
; Pre-Mapping Resynthesis Optimization                                            ; Off                ; Off                ;
; Analysis & Synthesis Message Level                                              ; Medium             ; Medium             ;
; Disable Register Merging Across Hierarchies                                     ; Auto               ; Auto               ;
; Resource Aware Inference For Block RAM                                          ; On                 ; On                 ;
; Automatic Parallel Synthesis                                                    ; On                 ; On                 ;
; Partial Reconfiguration Bitstream ID                                            ; Off                ; Off                ;
+---------------------------------------------------------------------------------+--------------------+--------------------+


+------------------------------------------+
; Parallel Compilation                     ;
+----------------------------+-------------+
; Processors                 ; Number      ;
+----------------------------+-------------+
; Number detected on machine ; 8           ;
; Maximum allowed            ; 4           ;
;                            ;             ;
; Average used               ; 1.00        ;
; Maximum used               ; 4           ;
;                            ;             ;
; Usage by Processor         ; % Time Used ;
;     Processor 1            ; 100.0%      ;
;     Processors 2-4         ;   0.0%      ;
+----------------------------+-------------+


+-----------------------------------------------------------------------------------------------------------------------------------------------------------------------------------+
; Analysis & Synthesis Source Files Read                                                                                                                                            ;
+----------------------------------+-----------------+-----------------+--------------------------------------------------------------------------------------------------+---------+
; File Name with User-Entered Path ; Used in Netlist ; File Type       ; File Name with Absolute Path                                                                     ; Library ;
+----------------------------------+-----------------+-----------------+--------------------------------------------------------------------------------------------------+---------+
; Reg.vhd                          ; yes             ; User VHDL File  ; D:/GoogleDrive/F_ESPOL/6.SISTEMAS_DIGITALES_2/2_Examenes/2021_PAO2_1P_Examen/Reg.vhd             ;         ;
; Mux4a1.vhd                       ; yes             ; User VHDL File  ; D:/GoogleDrive/F_ESPOL/6.SISTEMAS_DIGITALES_2/2_Examenes/2021_PAO2_1P_Examen/Mux4a1.vhd          ;         ;
; Comparador_3in.vhd               ; yes             ; User VHDL File  ; D:/GoogleDrive/F_ESPOL/6.SISTEMAS_DIGITALES_2/2_Examenes/2021_PAO2_1P_Examen/Comparador_3in.vhd  ;         ;
; MSS.vhd                          ; yes             ; User VHDL File  ; D:/GoogleDrive/F_ESPOL/6.SISTEMAS_DIGITALES_2/2_Examenes/2021_PAO2_1P_Examen/MSS.vhd             ;         ;
; Package_library.vhd              ; yes             ; User VHDL File  ; D:/GoogleDrive/F_ESPOL/6.SISTEMAS_DIGITALES_2/2_Examenes/2021_PAO2_1P_Examen/Package_library.vhd ;         ;
; Structural.vhd                   ; yes             ; User VHDL File  ; D:/GoogleDrive/F_ESPOL/6.SISTEMAS_DIGITALES_2/2_Examenes/2021_PAO2_1P_Examen/Structural.vhd      ;         ;
+----------------------------------+-----------------+-----------------+--------------------------------------------------------------------------------------------------+---------+


+---------------------------------------------------------+
; Analysis & Synthesis Resource Usage Summary             ;
+---------------------------------------------+-----------+
; Resource                                    ; Usage     ;
+---------------------------------------------+-----------+
; Estimate of Logic utilization (ALMs needed) ; 9         ;
;                                             ;           ;
; Combinational ALUT usage for logic          ; 16        ;
;     -- 7 input functions                    ; 0         ;
;     -- 6 input functions                    ; 0         ;
;     -- 5 input functions                    ; 0         ;
;     -- 4 input functions                    ; 2         ;
;     -- <=3 input functions                  ; 14        ;
;                                             ;           ;
; Dedicated logic registers                   ; 17        ;
;                                             ;           ;
; I/O pins                                    ; 30        ;
;                                             ;           ;
; Total DSP Blocks                            ; 0         ;
;                                             ;           ;
; Maximum fan-out node                        ; clk~input ;
; Maximum fan-out                             ; 17        ;
; Total fan-out                               ; 130       ;
; Average fan-out                             ; 1.40      ;
+---------------------------------------------+-----------+


+-----------------------------------------------------------------------------------------------------------------------------------------------------------------------------------------------+
; Analysis & Synthesis Resource Utilization by Entity                                                                                                                                           ;
+----------------------------+---------------------+---------------------------+-------------------+------------+------+--------------+----------------------------+-------------+--------------+
; Compilation Hierarchy Node ; Combinational ALUTs ; Dedicated Logic Registers ; Block Memory Bits ; DSP Blocks ; Pins ; Virtual Pins ; Full Hierarchy Name        ; Entity Name ; Library Name ;
+----------------------------+---------------------+---------------------------+-------------------+------------+------+--------------+----------------------------+-------------+--------------+
; |Structural                ; 16 (0)              ; 17 (0)                    ; 0                 ; 0          ; 30   ; 0            ; |Structural                ; Structural  ; work         ;
;    |MSS:Controller|        ; 16 (16)             ; 17 (17)                   ; 0                 ; 0          ; 0    ; 0            ; |Structural|MSS:Controller ; MSS         ; work         ;
+----------------------------+---------------------+---------------------------+-------------------+------------+------+--------------+----------------------------+-------------+--------------+
Note: For table entries with two numbers listed, the numbers in parentheses indicate the number of resources of the given type used by the specific entity alone. The numbers listed outside of parentheses indicate the total resources of the given type used by the specific entity and all of its sub-entities in the hierarchy.


Encoding Type:  One-Hot
+-------------------------------------------------------------------------------------------------------------------------------------+
; State Machine - |Structural|MSS:Controller|y                                                                                        ;
+-------+-------+-------+-------+-------+-------+-------+-------+------+------+------+------+------+------+------+------+------+------+
; Name  ; y.s16 ; y.s15 ; y.s14 ; y.s13 ; y.s12 ; y.s11 ; y.s10 ; y.s9 ; y.s8 ; y.s7 ; y.s6 ; y.s5 ; y.s4 ; y.s3 ; y.s2 ; y.s0 ; y.s1 ;
+-------+-------+-------+-------+-------+-------+-------+-------+------+------+------+------+------+------+------+------+------+------+
; y.s1  ; 0     ; 0     ; 0     ; 0     ; 0     ; 0     ; 0     ; 0    ; 0    ; 0    ; 0    ; 0    ; 0    ; 0    ; 0    ; 0    ; 0    ;
; y.s0  ; 0     ; 0     ; 0     ; 0     ; 0     ; 0     ; 0     ; 0    ; 0    ; 0    ; 0    ; 0    ; 0    ; 0    ; 0    ; 1    ; 1    ;
; y.s2  ; 0     ; 0     ; 0     ; 0     ; 0     ; 0     ; 0     ; 0    ; 0    ; 0    ; 0    ; 0    ; 0    ; 0    ; 1    ; 0    ; 1    ;
; y.s3  ; 0     ; 0     ; 0     ; 0     ; 0     ; 0     ; 0     ; 0    ; 0    ; 0    ; 0    ; 0    ; 0    ; 1    ; 0    ; 0    ; 1    ;
; y.s4  ; 0     ; 0     ; 0     ; 0     ; 0     ; 0     ; 0     ; 0    ; 0    ; 0    ; 0    ; 0    ; 1    ; 0    ; 0    ; 0    ; 1    ;
; y.s5  ; 0     ; 0     ; 0     ; 0     ; 0     ; 0     ; 0     ; 0    ; 0    ; 0    ; 0    ; 1    ; 0    ; 0    ; 0    ; 0    ; 1    ;
; y.s6  ; 0     ; 0     ; 0     ; 0     ; 0     ; 0     ; 0     ; 0    ; 0    ; 0    ; 1    ; 0    ; 0    ; 0    ; 0    ; 0    ; 1    ;
; y.s7  ; 0     ; 0     ; 0     ; 0     ; 0     ; 0     ; 0     ; 0    ; 0    ; 1    ; 0    ; 0    ; 0    ; 0    ; 0    ; 0    ; 1    ;
; y.s8  ; 0     ; 0     ; 0     ; 0     ; 0     ; 0     ; 0     ; 0    ; 1    ; 0    ; 0    ; 0    ; 0    ; 0    ; 0    ; 0    ; 1    ;
; y.s9  ; 0     ; 0     ; 0     ; 0     ; 0     ; 0     ; 0     ; 1    ; 0    ; 0    ; 0    ; 0    ; 0    ; 0    ; 0    ; 0    ; 1    ;
; y.s10 ; 0     ; 0     ; 0     ; 0     ; 0     ; 0     ; 1     ; 0    ; 0    ; 0    ; 0    ; 0    ; 0    ; 0    ; 0    ; 0    ; 1    ;
; y.s11 ; 0     ; 0     ; 0     ; 0     ; 0     ; 1     ; 0     ; 0    ; 0    ; 0    ; 0    ; 0    ; 0    ; 0    ; 0    ; 0    ; 1    ;
; y.s12 ; 0     ; 0     ; 0     ; 0     ; 1     ; 0     ; 0     ; 0    ; 0    ; 0    ; 0    ; 0    ; 0    ; 0    ; 0    ; 0    ; 1    ;
; y.s13 ; 0     ; 0     ; 0     ; 1     ; 0     ; 0     ; 0     ; 0    ; 0    ; 0    ; 0    ; 0    ; 0    ; 0    ; 0    ; 0    ; 1    ;
; y.s14 ; 0     ; 0     ; 1     ; 0     ; 0     ; 0     ; 0     ; 0    ; 0    ; 0    ; 0    ; 0    ; 0    ; 0    ; 0    ; 0    ; 1    ;
; y.s15 ; 0     ; 1     ; 0     ; 0     ; 0     ; 0     ; 0     ; 0    ; 0    ; 0    ; 0    ; 0    ; 0    ; 0    ; 0    ; 0    ; 1    ;
; y.s16 ; 1     ; 0     ; 0     ; 0     ; 0     ; 0     ; 0     ; 0    ; 0    ; 0    ; 0    ; 0    ; 0    ; 0    ; 0    ; 0    ; 1    ;
+-------+-------+-------+-------+-------+-------+-------+-------+------+------+------+------+------+------+------+------+------+------+


+---------------------------------------------------------------------------------+
; Registers Removed During Synthesis                                              ;
+----------------------------------------+----------------------------------------+
; Register name                          ; Reason for Removal                     ;
+----------------------------------------+----------------------------------------+
; Reg:Registro3|q[0..7]                  ; Lost fanout                            ;
; Reg:Registro2|q[0..7]                  ; Lost fanout                            ;
; Reg:Registro1|q[0..7]                  ; Lost fanout                            ;
; Reg:RegistroMin|q[0..7]                ; Stuck at GND due to stuck port data_in ;
; Reg:RegistroMax|q[0..7]                ; Stuck at GND due to stuck port data_in ;
; Total Number of Removed Registers = 40 ;                                        ;
+----------------------------------------+----------------------------------------+


+------------------------------------------------------+
; General Register Statistics                          ;
+----------------------------------------------+-------+
; Statistic                                    ; Value ;
+----------------------------------------------+-------+
; Total registers                              ; 17    ;
; Number of registers using Synchronous Clear  ; 0     ;
; Number of registers using Synchronous Load   ; 0     ;
; Number of registers using Asynchronous Clear ; 17    ;
; Number of registers using Asynchronous Load  ; 0     ;
; Number of registers using Clock Enable       ; 0     ;
; Number of registers using Preset             ; 0     ;
+----------------------------------------------+-------+


+-----------------------------------------------------------------------------+
; Parameter Settings for User Entity Instance: Comparador_3in:Bloque_Amarillo ;
+----------------+-------+----------------------------------------------------+
; Parameter Name ; Value ; Type                                               ;
+----------------+-------+----------------------------------------------------+
; n              ; 8     ; Signed Integer                                     ;
+----------------+-------+----------------------------------------------------+
Note: In order to hide this table in the UI and the text report file, please set the "Show Parameter Settings in Synthesis Report" option in "Analysis and Synthesis Settings -> More Settings" to "Off".


+------------------------------------------------------------+
; Parameter Settings for User Entity Instance: Reg:Registro1 ;
+----------------+-------+-----------------------------------+
; Parameter Name ; Value ; Type                              ;
+----------------+-------+-----------------------------------+
; n              ; 8     ; Signed Integer                    ;
+----------------+-------+-----------------------------------+
Note: In order to hide this table in the UI and the text report file, please set the "Show Parameter Settings in Synthesis Report" option in "Analysis and Synthesis Settings -> More Settings" to "Off".


+------------------------------------------------------------+
; Parameter Settings for User Entity Instance: Reg:Registro2 ;
+----------------+-------+-----------------------------------+
; Parameter Name ; Value ; Type                              ;
+----------------+-------+-----------------------------------+
; n              ; 8     ; Signed Integer                    ;
+----------------+-------+-----------------------------------+
Note: In order to hide this table in the UI and the text report file, please set the "Show Parameter Settings in Synthesis Report" option in "Analysis and Synthesis Settings -> More Settings" to "Off".


+------------------------------------------------------------+
; Parameter Settings for User Entity Instance: Reg:Registro3 ;
+----------------+-------+-----------------------------------+
; Parameter Name ; Value ; Type                              ;
+----------------+-------+-----------------------------------+
; n              ; 8     ; Signed Integer                    ;
+----------------+-------+-----------------------------------+
Note: In order to hide this table in the UI and the text report file, please set the "Show Parameter Settings in Synthesis Report" option in "Analysis and Synthesis Settings -> More Settings" to "Off".


+-----------------------------------------------------------------+
; Parameter Settings for User Entity Instance: Mux4a1:multiplexer ;
+----------------+-------+----------------------------------------+
; Parameter Name ; Value ; Type                                   ;
+----------------+-------+----------------------------------------+
; n              ; 8     ; Signed Integer                         ;
+----------------+-------+----------------------------------------+
Note: In order to hide this table in the UI and the text report file, please set the "Show Parameter Settings in Synthesis Report" option in "Analysis and Synthesis Settings -> More Settings" to "Off".


+--------------------------------------------------------------+
; Parameter Settings for User Entity Instance: Reg:RegistroMax ;
+----------------+-------+-------------------------------------+
; Parameter Name ; Value ; Type                                ;
+----------------+-------+-------------------------------------+
; n              ; 8     ; Signed Integer                      ;
+----------------+-------+-------------------------------------+
Note: In order to hide this table in the UI and the text report file, please set the "Show Parameter Settings in Synthesis Report" option in "Analysis and Synthesis Settings -> More Settings" to "Off".


+--------------------------------------------------------------+
; Parameter Settings for User Entity Instance: Reg:RegistroMin ;
+----------------+-------+-------------------------------------+
; Parameter Name ; Value ; Type                                ;
+----------------+-------+-------------------------------------+
; n              ; 8     ; Signed Integer                      ;
+----------------+-------+-------------------------------------+
Note: In order to hide this table in the UI and the text report file, please set the "Show Parameter Settings in Synthesis Report" option in "Analysis and Synthesis Settings -> More Settings" to "Off".


+------------------------------------------------+
; Port Connectivity Checks: "Mux4a1:multiplexer" ;
+------+-------+----------+----------------------+
; Port ; Type  ; Severity ; Details              ;
+------+-------+----------+----------------------+
; d    ; Input ; Info     ; Stuck at GND         ;
; en   ; Input ; Info     ; Stuck at VCC         ;
+------+-------+----------+----------------------+


+-------------------------------------------------------------------------------------------------------------------+
; Port Connectivity Checks: "Comparador_3in:Bloque_Amarillo"                                                        ;
+---------+--------+----------+-------------------------------------------------------------------------------------+
; Port    ; Type   ; Severity ; Details                                                                             ;
+---------+--------+----------+-------------------------------------------------------------------------------------+
; amayorc ; Output ; Info     ; Connected to dangling logic. Logic that only feeds a dangling port will be removed. ;
; bmayorc ; Output ; Info     ; Connected to dangling logic. Logic that only feeds a dangling port will be removed. ;
; aigualb ; Output ; Info     ; Connected to dangling logic. Logic that only feeds a dangling port will be removed. ;
; aigualc ; Output ; Info     ; Connected to dangling logic. Logic that only feeds a dangling port will be removed. ;
; bigualc ; Output ; Info     ; Connected to dangling logic. Logic that only feeds a dangling port will be removed. ;
; amenorb ; Output ; Info     ; Connected to dangling logic. Logic that only feeds a dangling port will be removed. ;
; bmenorc ; Output ; Info     ; Connected to dangling logic. Logic that only feeds a dangling port will be removed. ;
+---------+--------+----------+-------------------------------------------------------------------------------------+


+----------------------------------------------------------------------------------------------------------------+
; Port Connectivity Checks: "MSS:Controller"                                                                     ;
+------+--------+----------+-------------------------------------------------------------------------------------+
; Port ; Type   ; Severity ; Details                                                                             ;
+------+--------+----------+-------------------------------------------------------------------------------------+
; est  ; Output ; Info     ; Connected to dangling logic. Logic that only feeds a dangling port will be removed. ;
+------+--------+----------+-------------------------------------------------------------------------------------+


+-----------------------------------------------------+
; Post-Synthesis Netlist Statistics for Top Partition ;
+-----------------------+-----------------------------+
; Type                  ; Count                       ;
+-----------------------+-----------------------------+
; arriav_ff             ; 17                          ;
;     CLR               ; 17                          ;
; arriav_lcell_comb     ; 17                          ;
;     normal            ; 17                          ;
;         0 data inputs ; 1                           ;
;         2 data inputs ; 2                           ;
;         3 data inputs ; 12                          ;
;         4 data inputs ; 2                           ;
; boundary_port         ; 30                          ;
;                       ;                             ;
; Max LUT depth         ; 1.00                        ;
; Average LUT depth     ; 0.87                        ;
+-----------------------+-----------------------------+


+-------------------------------+
; Elapsed Time Per Partition    ;
+----------------+--------------+
; Partition Name ; Elapsed Time ;
+----------------+--------------+
; Top            ; 00:00:00     ;
+----------------+--------------+


+-------------------------------+
; Analysis & Synthesis Messages ;
+-------------------------------+
Info: *******************************************************************
Info: Running Quartus Prime Analysis & Synthesis
    Info: Version 19.1.0 Build 670 09/22/2019 SJ Lite Edition
    Info: Processing started: Thu Dec 02 10:10:33 2021
Info: Command: quartus_map --read_settings_files=on --write_settings_files=off Examen -c Examen
Warning (18236): Number of processors has not been specified which may cause overloading on shared machines.  Set the global assignment NUM_PARALLEL_PROCESSORS in your QSF to an appropriate value for best performance.
Info (20030): Parallel compilation is enabled and will use 4 of the 4 processors detected
Info (12021): Found 2 design units, including 1 entities, in source file reg.vhd
    Info (12022): Found design unit 1: Reg-solve File: D:/GoogleDrive/F_ESPOL/6.SISTEMAS_DIGITALES_2/2_Examenes/2021_PAO2_1P_Examen/Reg.vhd Line: 18
    Info (12023): Found entity 1: Reg File: D:/GoogleDrive/F_ESPOL/6.SISTEMAS_DIGITALES_2/2_Examenes/2021_PAO2_1P_Examen/Reg.vhd Line: 9
Info (12021): Found 2 design units, including 1 entities, in source file mux4a1.vhd
    Info (12022): Found design unit 1: Mux4a1-solve File: D:/GoogleDrive/F_ESPOL/6.SISTEMAS_DIGITALES_2/2_Examenes/2021_PAO2_1P_Examen/Mux4a1.vhd Line: 23
    Info (12023): Found entity 1: Mux4a1 File: D:/GoogleDrive/F_ESPOL/6.SISTEMAS_DIGITALES_2/2_Examenes/2021_PAO2_1P_Examen/Mux4a1.vhd Line: 10
Info (12021): Found 1 design units, including 1 entities, in source file examen.bdf
    Info (12023): Found entity 1: Examen
Info (12021): Found 2 design units, including 1 entities, in source file comparador_3in.vhd
    Info (12022): Found design unit 1: Comparador_3in-solve File: D:/GoogleDrive/F_ESPOL/6.SISTEMAS_DIGITALES_2/2_Examenes/2021_PAO2_1P_Examen/Comparador_3in.vhd Line: 20
    Info (12023): Found entity 1: Comparador_3in File: D:/GoogleDrive/F_ESPOL/6.SISTEMAS_DIGITALES_2/2_Examenes/2021_PAO2_1P_Examen/Comparador_3in.vhd Line: 10
Info (12021): Found 2 design units, including 1 entities, in source file mss.vhd
    Info (12022): Found design unit 1: MSS-solve File: D:/GoogleDrive/F_ESPOL/6.SISTEMAS_DIGITALES_2/2_Examenes/2021_PAO2_1P_Examen/MSS.vhd Line: 22
    Info (12023): Found entity 1: MSS File: D:/GoogleDrive/F_ESPOL/6.SISTEMAS_DIGITALES_2/2_Examenes/2021_PAO2_1P_Examen/MSS.vhd Line: 10
Info (12021): Found 1 design units, including 0 entities, in source file package_library.vhd
    Info (12022): Found design unit 1: Package_library File: D:/GoogleDrive/F_ESPOL/6.SISTEMAS_DIGITALES_2/2_Examenes/2021_PAO2_1P_Examen/Package_library.vhd Line: 9
Info (12021): Found 2 design units, including 1 entities, in source file structural.vhd
    Info (12022): Found design unit 1: Structural-solve File: D:/GoogleDrive/F_ESPOL/6.SISTEMAS_DIGITALES_2/2_Examenes/2021_PAO2_1P_Examen/Structural.vhd Line: 20
    Info (12023): Found entity 1: Structural File: D:/GoogleDrive/F_ESPOL/6.SISTEMAS_DIGITALES_2/2_Examenes/2021_PAO2_1P_Examen/Structural.vhd Line: 11
Info (12127): Elaborating entity "Structural" for the top level hierarchy
Warning (10036): Verilog HDL or VHDL warning at Structural.vhd(23): object "est" assigned a value but never read File: D:/GoogleDrive/F_ESPOL/6.SISTEMAS_DIGITALES_2/2_Examenes/2021_PAO2_1P_Examen/Structural.vhd Line: 23
Warning (10036): Verilog HDL or VHDL warning at Structural.vhd(26): object "nc" assigned a value but never read File: D:/GoogleDrive/F_ESPOL/6.SISTEMAS_DIGITALES_2/2_Examenes/2021_PAO2_1P_Examen/Structural.vhd Line: 26
Info (12128): Elaborating entity "MSS" for hierarchy "MSS:Controller" File: D:/GoogleDrive/F_ESPOL/6.SISTEMAS_DIGITALES_2/2_Examenes/2021_PAO2_1P_Examen/Structural.vhd Line: 30
Warning (10631): VHDL Process Statement warning at MSS.vhd(83): inferring latch(es) for signal or variable "sel", which holds its previous value in one or more paths through the process File: D:/GoogleDrive/F_ESPOL/6.SISTEMAS_DIGITALES_2/2_Examenes/2021_PAO2_1P_Examen/MSS.vhd Line: 83
Info (10041): Inferred latch for "sel[0]" at MSS.vhd(83) File: D:/GoogleDrive/F_ESPOL/6.SISTEMAS_DIGITALES_2/2_Examenes/2021_PAO2_1P_Examen/MSS.vhd Line: 83
Info (10041): Inferred latch for "sel[1]" at MSS.vhd(83) File: D:/GoogleDrive/F_ESPOL/6.SISTEMAS_DIGITALES_2/2_Examenes/2021_PAO2_1P_Examen/MSS.vhd Line: 83
Info (12128): Elaborating entity "Comparador_3in" for hierarchy "Comparador_3in:Bloque_Amarillo" File: D:/GoogleDrive/F_ESPOL/6.SISTEMAS_DIGITALES_2/2_Examenes/2021_PAO2_1P_Examen/Structural.vhd Line: 31
Info (12128): Elaborating entity "Reg" for hierarchy "Reg:Registro1" File: D:/GoogleDrive/F_ESPOL/6.SISTEMAS_DIGITALES_2/2_Examenes/2021_PAO2_1P_Examen/Structural.vhd Line: 32
Info (12128): Elaborating entity "Mux4a1" for hierarchy "Mux4a1:multiplexer" File: D:/GoogleDrive/F_ESPOL/6.SISTEMAS_DIGITALES_2/2_Examenes/2021_PAO2_1P_Examen/Structural.vhd Line: 35
Warning (13024): Output pins are stuck at VCC or GND
    Warning (13410): Pin "Qmax[0]" is stuck at GND File: D:/GoogleDrive/F_ESPOL/6.SISTEMAS_DIGITALES_2/2_Examenes/2021_PAO2_1P_Examen/Structural.vhd Line: 16
    Warning (13410): Pin "Qmax[1]" is stuck at GND File: D:/GoogleDrive/F_ESPOL/6.SISTEMAS_DIGITALES_2/2_Examenes/2021_PAO2_1P_Examen/Structural.vhd Line: 16
    Warning (13410): Pin "Qmax[2]" is stuck at GND File: D:/GoogleDrive/F_ESPOL/6.SISTEMAS_DIGITALES_2/2_Examenes/2021_PAO2_1P_Examen/Structural.vhd Line: 16
    Warning (13410): Pin "Qmax[3]" is stuck at GND File: D:/GoogleDrive/F_ESPOL/6.SISTEMAS_DIGITALES_2/2_Examenes/2021_PAO2_1P_Examen/Structural.vhd Line: 16
    Warning (13410): Pin "Qmax[4]" is stuck at GND File: D:/GoogleDrive/F_ESPOL/6.SISTEMAS_DIGITALES_2/2_Examenes/2021_PAO2_1P_Examen/Structural.vhd Line: 16
    Warning (13410): Pin "Qmax[5]" is stuck at GND File: D:/GoogleDrive/F_ESPOL/6.SISTEMAS_DIGITALES_2/2_Examenes/2021_PAO2_1P_Examen/Structural.vhd Line: 16
    Warning (13410): Pin "Qmax[6]" is stuck at GND File: D:/GoogleDrive/F_ESPOL/6.SISTEMAS_DIGITALES_2/2_Examenes/2021_PAO2_1P_Examen/Structural.vhd Line: 16
    Warning (13410): Pin "Qmax[7]" is stuck at GND File: D:/GoogleDrive/F_ESPOL/6.SISTEMAS_DIGITALES_2/2_Examenes/2021_PAO2_1P_Examen/Structural.vhd Line: 16
    Warning (13410): Pin "Qmin[0]" is stuck at GND File: D:/GoogleDrive/F_ESPOL/6.SISTEMAS_DIGITALES_2/2_Examenes/2021_PAO2_1P_Examen/Structural.vhd Line: 16
    Warning (13410): Pin "Qmin[1]" is stuck at GND File: D:/GoogleDrive/F_ESPOL/6.SISTEMAS_DIGITALES_2/2_Examenes/2021_PAO2_1P_Examen/Structural.vhd Line: 16
    Warning (13410): Pin "Qmin[2]" is stuck at GND File: D:/GoogleDrive/F_ESPOL/6.SISTEMAS_DIGITALES_2/2_Examenes/2021_PAO2_1P_Examen/Structural.vhd Line: 16
    Warning (13410): Pin "Qmin[3]" is stuck at GND File: D:/GoogleDrive/F_ESPOL/6.SISTEMAS_DIGITALES_2/2_Examenes/2021_PAO2_1P_Examen/Structural.vhd Line: 16
    Warning (13410): Pin "Qmin[4]" is stuck at GND File: D:/GoogleDrive/F_ESPOL/6.SISTEMAS_DIGITALES_2/2_Examenes/2021_PAO2_1P_Examen/Structural.vhd Line: 16
    Warning (13410): Pin "Qmin[5]" is stuck at GND File: D:/GoogleDrive/F_ESPOL/6.SISTEMAS_DIGITALES_2/2_Examenes/2021_PAO2_1P_Examen/Structural.vhd Line: 16
    Warning (13410): Pin "Qmin[6]" is stuck at GND File: D:/GoogleDrive/F_ESPOL/6.SISTEMAS_DIGITALES_2/2_Examenes/2021_PAO2_1P_Examen/Structural.vhd Line: 16
    Warning (13410): Pin "Qmin[7]" is stuck at GND File: D:/GoogleDrive/F_ESPOL/6.SISTEMAS_DIGITALES_2/2_Examenes/2021_PAO2_1P_Examen/Structural.vhd Line: 16
Info (286030): Timing-Driven Synthesis is running
Info (17049): 24 registers lost all their fanouts during netlist optimizations.
Info (16010): Generating hard_block partition "hard_block:auto_generated_inst"
    Info (16011): Adding 0 node(s), including 0 DDIO, 0 PLL, 0 transceiver and 0 LCELL
Warning (21074): Design contains 8 input pin(s) that do not drive logic
    Warning (15610): No output dependent on input pin "Datos[0]" File: D:/GoogleDrive/F_ESPOL/6.SISTEMAS_DIGITALES_2/2_Examenes/2021_PAO2_1P_Examen/Structural.vhd Line: 14
    Warning (15610): No output dependent on input pin "Datos[1]" File: D:/GoogleDrive/F_ESPOL/6.SISTEMAS_DIGITALES_2/2_Examenes/2021_PAO2_1P_Examen/Structural.vhd Line: 14
    Warning (15610): No output dependent on input pin "Datos[2]" File: D:/GoogleDrive/F_ESPOL/6.SISTEMAS_DIGITALES_2/2_Examenes/2021_PAO2_1P_Examen/Structural.vhd Line: 14
    Warning (15610): No output dependent on input pin "Datos[3]" File: D:/GoogleDrive/F_ESPOL/6.SISTEMAS_DIGITALES_2/2_Examenes/2021_PAO2_1P_Examen/Structural.vhd Line: 14
    Warning (15610): No output dependent on input pin "Datos[4]" File: D:/GoogleDrive/F_ESPOL/6.SISTEMAS_DIGITALES_2/2_Examenes/2021_PAO2_1P_Examen/Structural.vhd Line: 14
    Warning (15610): No output dependent on input pin "Datos[5]" File: D:/GoogleDrive/F_ESPOL/6.SISTEMAS_DIGITALES_2/2_Examenes/2021_PAO2_1P_Examen/Structural.vhd Line: 14
    Warning (15610): No output dependent on input pin "Datos[6]" File: D:/GoogleDrive/F_ESPOL/6.SISTEMAS_DIGITALES_2/2_Examenes/2021_PAO2_1P_Examen/Structural.vhd Line: 14
    Warning (15610): No output dependent on input pin "Datos[7]" File: D:/GoogleDrive/F_ESPOL/6.SISTEMAS_DIGITALES_2/2_Examenes/2021_PAO2_1P_Examen/Structural.vhd Line: 14
Info (21057): Implemented 48 device resources after synthesis - the final resource count might be different
    Info (21058): Implemented 13 input pins
    Info (21059): Implemented 17 output pins
    Info (21061): Implemented 18 logic cells
Info: Quartus Prime Analysis & Synthesis was successful. 0 errors, 30 warnings
    Info: Peak virtual memory: 4846 megabytes
    Info: Processing ended: Thu Dec 02 10:10:46 2021
    Info: Elapsed time: 00:00:13
    Info: Total CPU time (on all processors): 00:00:30


