Analysis & Synthesis report for Example_MaxToMin_ordering_in_RAM
Sun Aug 22 17:51:24 2021
Quartus Prime Version 19.1.0 Build 670 09/22/2019 SJ Lite Edition


---------------------
; Table of Contents ;
---------------------
  1. Legal Notice
  2. Analysis & Synthesis Summary
  3. Analysis & Synthesis Settings
  4. Parallel Compilation
  5. Analysis & Synthesis Source Files Read
  6. Analysis & Synthesis Resource Usage Summary
  7. Analysis & Synthesis Resource Utilization by Entity
  8. State Machine - |Particion_Funcional|MSS:inst17|y
  9. General Register Statistics
 10. Multiplexer Restructuring Statistics (Restructuring Performed)
 11. Parameter Settings for User Entity Instance: comparador:inst16
 12. Parameter Settings for User Entity Instance: contador_up:inst1
 13. Parameter Settings for User Entity Instance: comparador:inst15
 14. Parameter Settings for User Entity Instance: ram:inst13
 15. Parameter Settings for User Entity Instance: mux2a1:inst10
 16. Parameter Settings for User Entity Instance: contador_up:inst3
 17. Parameter Settings for User Entity Instance: Sumador:inst2
 18. Parameter Settings for User Entity Instance: mux2a1:inst14
 19. Parameter Settings for User Entity Instance: mux2a1:inst18
 20. Parameter Settings for User Entity Instance: registro:inst22
 21. Parameter Settings for User Entity Instance: registro:inst21
 22. Parameter Settings for User Entity Instance: comparador:inst9
 23. Post-Synthesis Netlist Statistics for Top Partition
 24. Elapsed Time Per Partition
 25. Analysis & Synthesis Messages



----------------
; Legal Notice ;
----------------
Copyright (C) 2019  Intel Corporation. All rights reserved.
Your use of Intel Corporation's design tools, logic functions 
and other software and tools, and any partner logic 
functions, and any output files from any of the foregoing 
(including device programming or simulation files), and any 
associated documentation or information are expressly subject 
to the terms and conditions of the Intel Program License 
Subscription Agreement, the Intel Quartus Prime License Agreement,
the Intel FPGA IP License Agreement, or other applicable license
agreement, including, without limitation, that your use is for
the sole purpose of programming logic devices manufactured by
Intel and sold by Intel or its authorized distributors.  Please
refer to the applicable agreement for further details, at
https://fpgasoftware.intel.com/eula.



+-------------------------------------------------------------------------------+
; Analysis & Synthesis Summary                                                  ;
+---------------------------------+---------------------------------------------+
; Analysis & Synthesis Status     ; Successful - Sun Aug 22 17:51:24 2021       ;
; Quartus Prime Version           ; 19.1.0 Build 670 09/22/2019 SJ Lite Edition ;
; Revision Name                   ; Example_MaxToMin_ordering_in_RAM            ;
; Top-level Entity Name           ; Particion_Funcional                         ;
; Family                          ; Cyclone V                                   ;
; Logic utilization (in ALMs)     ; N/A                                         ;
; Total registers                 ; 2091                                        ;
; Total pins                      ; 14                                          ;
; Total virtual pins              ; 0                                           ;
; Total block memory bits         ; 0                                           ;
; Total DSP Blocks                ; 0                                           ;
; Total HSSI RX PCSs              ; 0                                           ;
; Total HSSI PMA RX Deserializers ; 0                                           ;
; Total HSSI TX PCSs              ; 0                                           ;
; Total HSSI PMA TX Serializers   ; 0                                           ;
; Total PLLs                      ; 0                                           ;
; Total DLLs                      ; 0                                           ;
+---------------------------------+---------------------------------------------+


+------------------------------------------------------------------------------------------------------------------------------------------+
; Analysis & Synthesis Settings                                                                                                            ;
+---------------------------------------------------------------------------------+---------------------+----------------------------------+
; Option                                                                          ; Setting             ; Default Value                    ;
+---------------------------------------------------------------------------------+---------------------+----------------------------------+
; Device                                                                          ; 5CSEBA6U23I7        ;                                  ;
; Top-level entity name                                                           ; Particion_Funcional ; Example_MaxToMin_ordering_in_RAM ;
; Family name                                                                     ; Cyclone V           ; Cyclone V                        ;
; Use smart compilation                                                           ; Off                 ; Off                              ;
; Enable parallel Assembler and Timing Analyzer during compilation                ; On                  ; On                               ;
; Enable compact report table                                                     ; Off                 ; Off                              ;
; Restructure Multiplexers                                                        ; Auto                ; Auto                             ;
; MLAB Add Timing Constraints For Mixed-Port Feed-Through Mode Setting Don't Care ; Off                 ; Off                              ;
; Create Debugging Nodes for IP Cores                                             ; Off                 ; Off                              ;
; Preserve fewer node names                                                       ; On                  ; On                               ;
; Intel FPGA IP Evaluation Mode                                                   ; Enable              ; Enable                           ;
; Verilog Version                                                                 ; Verilog_2001        ; Verilog_2001                     ;
; VHDL Version                                                                    ; VHDL_1993           ; VHDL_1993                        ;
; State Machine Processing                                                        ; Auto                ; Auto                             ;
; Safe State Machine                                                              ; Off                 ; Off                              ;
; Extract Verilog State Machines                                                  ; On                  ; On                               ;
; Extract VHDL State Machines                                                     ; On                  ; On                               ;
; Ignore Verilog initial constructs                                               ; Off                 ; Off                              ;
; Iteration limit for constant Verilog loops                                      ; 5000                ; 5000                             ;
; Iteration limit for non-constant Verilog loops                                  ; 250                 ; 250                              ;
; Add Pass-Through Logic to Inferred RAMs                                         ; On                  ; On                               ;
; Infer RAMs from Raw Logic                                                       ; On                  ; On                               ;
; Parallel Synthesis                                                              ; On                  ; On                               ;
; DSP Block Balancing                                                             ; Auto                ; Auto                             ;
; NOT Gate Push-Back                                                              ; On                  ; On                               ;
; Power-Up Don't Care                                                             ; On                  ; On                               ;
; Remove Redundant Logic Cells                                                    ; Off                 ; Off                              ;
; Remove Duplicate Registers                                                      ; On                  ; On                               ;
; Ignore CARRY Buffers                                                            ; Off                 ; Off                              ;
; Ignore CASCADE Buffers                                                          ; Off                 ; Off                              ;
; Ignore GLOBAL Buffers                                                           ; Off                 ; Off                              ;
; Ignore ROW GLOBAL Buffers                                                       ; Off                 ; Off                              ;
; Ignore LCELL Buffers                                                            ; Off                 ; Off                              ;
; Ignore SOFT Buffers                                                             ; On                  ; On                               ;
; Limit AHDL Integers to 32 Bits                                                  ; Off                 ; Off                              ;
; Optimization Technique                                                          ; Balanced            ; Balanced                         ;
; Carry Chain Length                                                              ; 70                  ; 70                               ;
; Auto Carry Chains                                                               ; On                  ; On                               ;
; Auto Open-Drain Pins                                                            ; On                  ; On                               ;
; Perform WYSIWYG Primitive Resynthesis                                           ; Off                 ; Off                              ;
; Auto ROM Replacement                                                            ; On                  ; On                               ;
; Auto RAM Replacement                                                            ; On                  ; On                               ;
; Auto DSP Block Replacement                                                      ; On                  ; On                               ;
; Auto Shift Register Replacement                                                 ; Auto                ; Auto                             ;
; Allow Shift Register Merging across Hierarchies                                 ; Auto                ; Auto                             ;
; Auto Clock Enable Replacement                                                   ; On                  ; On                               ;
; Strict RAM Replacement                                                          ; Off                 ; Off                              ;
; Allow Synchronous Control Signals                                               ; On                  ; On                               ;
; Force Use of Synchronous Clear Signals                                          ; Off                 ; Off                              ;
; Auto Resource Sharing                                                           ; Off                 ; Off                              ;
; Allow Any RAM Size For Recognition                                              ; Off                 ; Off                              ;
; Allow Any ROM Size For Recognition                                              ; Off                 ; Off                              ;
; Allow Any Shift Register Size For Recognition                                   ; Off                 ; Off                              ;
; Use LogicLock Constraints during Resource Balancing                             ; On                  ; On                               ;
; Ignore translate_off and synthesis_off directives                               ; Off                 ; Off                              ;
; Timing-Driven Synthesis                                                         ; On                  ; On                               ;
; Report Parameter Settings                                                       ; On                  ; On                               ;
; Report Source Assignments                                                       ; On                  ; On                               ;
; Report Connectivity Checks                                                      ; On                  ; On                               ;
; Ignore Maximum Fan-Out Assignments                                              ; Off                 ; Off                              ;
; Synchronization Register Chain Length                                           ; 3                   ; 3                                ;
; Power Optimization During Synthesis                                             ; Normal compilation  ; Normal compilation               ;
; HDL message level                                                               ; Level2              ; Level2                           ;
; Suppress Register Optimization Related Messages                                 ; Off                 ; Off                              ;
; Number of Removed Registers Reported in Synthesis Report                        ; 5000                ; 5000                             ;
; Number of Swept Nodes Reported in Synthesis Report                              ; 5000                ; 5000                             ;
; Number of Inverted Registers Reported in Synthesis Report                       ; 100                 ; 100                              ;
; Clock MUX Protection                                                            ; On                  ; On                               ;
; Auto Gated Clock Conversion                                                     ; Off                 ; Off                              ;
; Block Design Naming                                                             ; Auto                ; Auto                             ;
; SDC constraint protection                                                       ; Off                 ; Off                              ;
; Synthesis Effort                                                                ; Auto                ; Auto                             ;
; Shift Register Replacement - Allow Asynchronous Clear Signal                    ; On                  ; On                               ;
; Pre-Mapping Resynthesis Optimization                                            ; Off                 ; Off                              ;
; Analysis & Synthesis Message Level                                              ; Medium              ; Medium                           ;
; Disable Register Merging Across Hierarchies                                     ; Auto                ; Auto                             ;
; Resource Aware Inference For Block RAM                                          ; On                  ; On                               ;
; Automatic Parallel Synthesis                                                    ; On                  ; On                               ;
; Partial Reconfiguration Bitstream ID                                            ; Off                 ; Off                              ;
+---------------------------------------------------------------------------------+---------------------+----------------------------------+


+------------------------------------------+
; Parallel Compilation                     ;
+----------------------------+-------------+
; Processors                 ; Number      ;
+----------------------------+-------------+
; Number detected on machine ; 8           ;
; Maximum allowed            ; 4           ;
;                            ;             ;
; Average used               ; 1.00        ;
; Maximum used               ; 4           ;
;                            ;             ;
; Usage by Processor         ; % Time Used ;
;     Processor 1            ; 100.0%      ;
;     Processor 2            ;   0.1%      ;
;     Processor 3            ;   0.0%      ;
;     Processor 4            ;   0.0%      ;
+----------------------------+-------------+


+----------------------------------------------------------------------------------------------------------------------------------------------------------------------------------------------------------+
; Analysis & Synthesis Source Files Read                                                                                                                                                                   ;
+----------------------------------+-----------------+------------------------------------+------------------------------------------------------------------------------------------------------+---------+
; File Name with User-Entered Path ; Used in Netlist ; File Type                          ; File Name with Absolute Path                                                                         ; Library ;
+----------------------------------+-----------------+------------------------------------+------------------------------------------------------------------------------------------------------+---------+
; Particion_Funcional.bdf          ; yes             ; User Block Diagram/Schematic File  ; D:/GoogleDrive/F_BLOG/GITHUB/DigitalSystems/Example_MaxToMin_ordering_in_RAM/Particion_Funcional.bdf ;         ;
; Sumador.vhd                      ; yes             ; User VHDL File                     ; D:/GoogleDrive/F_BLOG/GITHUB/DigitalSystems/Example_MaxToMin_ordering_in_RAM/Sumador.vhd             ;         ;
; registro.vhd                     ; yes             ; User VHDL File                     ; D:/GoogleDrive/F_BLOG/GITHUB/DigitalSystems/Example_MaxToMin_ordering_in_RAM/registro.vhd            ;         ;
; ram.vhd                          ; yes             ; User VHDL File                     ; D:/GoogleDrive/F_BLOG/GITHUB/DigitalSystems/Example_MaxToMin_ordering_in_RAM/ram.vhd                 ;         ;
; mux2a1.vhd                       ; yes             ; User VHDL File                     ; D:/GoogleDrive/F_BLOG/GITHUB/DigitalSystems/Example_MaxToMin_ordering_in_RAM/mux2a1.vhd              ;         ;
; MSS.vhd                          ; yes             ; User VHDL File                     ; D:/GoogleDrive/F_BLOG/GITHUB/DigitalSystems/Example_MaxToMin_ordering_in_RAM/MSS.vhd                 ;         ;
; contador_up.vhd                  ; yes             ; User VHDL File                     ; D:/GoogleDrive/F_BLOG/GITHUB/DigitalSystems/Example_MaxToMin_ordering_in_RAM/contador_up.vhd         ;         ;
; comparador.vhd                   ; yes             ; User VHDL File                     ; D:/GoogleDrive/F_BLOG/GITHUB/DigitalSystems/Example_MaxToMin_ordering_in_RAM/comparador.vhd          ;         ;
+----------------------------------+-----------------+------------------------------------+------------------------------------------------------------------------------------------------------+---------+


+---------------------------------------------------------+
; Analysis & Synthesis Resource Usage Summary             ;
+---------------------------------------------+-----------+
; Resource                                    ; Usage     ;
+---------------------------------------------+-----------+
; Estimate of Logic utilization (ALMs needed) ; 1553      ;
;                                             ;           ;
; Combinational ALUT usage for logic          ; 1070      ;
;     -- 7 input functions                    ; 0         ;
;     -- 6 input functions                    ; 1020      ;
;     -- 5 input functions                    ; 11        ;
;     -- 4 input functions                    ; 15        ;
;     -- <=3 input functions                  ; 24        ;
;                                             ;           ;
; Dedicated logic registers                   ; 2091      ;
;                                             ;           ;
; I/O pins                                    ; 14        ;
;                                             ;           ;
; Total DSP Blocks                            ; 0         ;
;                                             ;           ;
; Maximum fan-out node                        ; clk~input ;
; Maximum fan-out                             ; 2091      ;
; Total fan-out                               ; 12597     ;
; Average fan-out                             ; 3.95      ;
+---------------------------------------------+-----------+


+-------------------------------------------------------------------------------------------------------------------------------------------------------------------------------------------------------------------+
; Analysis & Synthesis Resource Utilization by Entity                                                                                                                                                               ;
+----------------------------+---------------------+---------------------------+-------------------+------------+------+--------------+----------------------------------------+---------------------+--------------+
; Compilation Hierarchy Node ; Combinational ALUTs ; Dedicated Logic Registers ; Block Memory Bits ; DSP Blocks ; Pins ; Virtual Pins ; Full Hierarchy Name                    ; Entity Name         ; Library Name ;
+----------------------------+---------------------+---------------------------+-------------------+------------+------+--------------+----------------------------------------+---------------------+--------------+
; |Particion_Funcional       ; 1070 (0)            ; 2091 (0)                  ; 0                 ; 0          ; 14   ; 0            ; |Particion_Funcional                   ; Particion_Funcional ; work         ;
;    |MSS:inst17|            ; 21 (21)             ; 11 (11)                   ; 0                 ; 0          ; 0    ; 0            ; |Particion_Funcional|MSS:inst17        ; MSS                 ; work         ;
;    |comparador:inst15|     ; 10 (10)             ; 0 (0)                     ; 0                 ; 0          ; 0    ; 0            ; |Particion_Funcional|comparador:inst15 ; comparador          ; work         ;
;    |comparador:inst16|     ; 3 (3)               ; 0 (0)                     ; 0                 ; 0          ; 0    ; 0            ; |Particion_Funcional|comparador:inst16 ; comparador          ; work         ;
;    |comparador:inst9|      ; 2 (2)               ; 0 (0)                     ; 0                 ; 0          ; 0    ; 0            ; |Particion_Funcional|comparador:inst9  ; comparador          ; work         ;
;    |contador_up:inst1|     ; 9 (9)               ; 8 (8)                     ; 0                 ; 0          ; 0    ; 0            ; |Particion_Funcional|contador_up:inst1 ; contador_up         ; work         ;
;    |contador_up:inst3|     ; 9 (9)               ; 8 (8)                     ; 0                 ; 0          ; 0    ; 0            ; |Particion_Funcional|contador_up:inst3 ; contador_up         ; work         ;
;    |mux2a1:inst10|         ; 8 (8)               ; 0 (0)                     ; 0                 ; 0          ; 0    ; 0            ; |Particion_Funcional|mux2a1:inst10     ; mux2a1              ; work         ;
;    |mux2a1:inst14|         ; 8 (8)               ; 0 (0)                     ; 0                 ; 0          ; 0    ; 0            ; |Particion_Funcional|mux2a1:inst14     ; mux2a1              ; work         ;
;    |ram:inst13|            ; 1000 (1000)         ; 2048 (2048)               ; 0                 ; 0          ; 0    ; 0            ; |Particion_Funcional|ram:inst13        ; ram                 ; work         ;
;    |registro:inst21|       ; 0 (0)               ; 8 (8)                     ; 0                 ; 0          ; 0    ; 0            ; |Particion_Funcional|registro:inst21   ; registro            ; work         ;
;    |registro:inst22|       ; 0 (0)               ; 8 (8)                     ; 0                 ; 0          ; 0    ; 0            ; |Particion_Funcional|registro:inst22   ; registro            ; work         ;
+----------------------------+---------------------+---------------------------+-------------------+------------+------+--------------+----------------------------------------+---------------------+--------------+
Note: For table entries with two numbers listed, the numbers in parentheses indicate the number of resources of the given type used by the specific entity alone. The numbers listed outside of parentheses indicate the total resources of the given type used by the specific entity and all of its sub-entities in the hierarchy.


Encoding Type:  One-Hot
+------------------------------------------------------------------------+
; State Machine - |Particion_Funcional|MSS:inst17|y                      ;
+------+-----+-----+-----+-----+-----+-----+-----+-----+-----+-----+-----+
; Name ; y.K ; y.J ; y.I ; y.H ; y.G ; y.F ; y.E ; y.D ; y.C ; y.B ; y.A ;
+------+-----+-----+-----+-----+-----+-----+-----+-----+-----+-----+-----+
; y.A  ; 0   ; 0   ; 0   ; 0   ; 0   ; 0   ; 0   ; 0   ; 0   ; 0   ; 0   ;
; y.B  ; 0   ; 0   ; 0   ; 0   ; 0   ; 0   ; 0   ; 0   ; 0   ; 1   ; 1   ;
; y.C  ; 0   ; 0   ; 0   ; 0   ; 0   ; 0   ; 0   ; 0   ; 1   ; 0   ; 1   ;
; y.D  ; 0   ; 0   ; 0   ; 0   ; 0   ; 0   ; 0   ; 1   ; 0   ; 0   ; 1   ;
; y.E  ; 0   ; 0   ; 0   ; 0   ; 0   ; 0   ; 1   ; 0   ; 0   ; 0   ; 1   ;
; y.F  ; 0   ; 0   ; 0   ; 0   ; 0   ; 1   ; 0   ; 0   ; 0   ; 0   ; 1   ;
; y.G  ; 0   ; 0   ; 0   ; 0   ; 1   ; 0   ; 0   ; 0   ; 0   ; 0   ; 1   ;
; y.H  ; 0   ; 0   ; 0   ; 1   ; 0   ; 0   ; 0   ; 0   ; 0   ; 0   ; 1   ;
; y.I  ; 0   ; 0   ; 1   ; 0   ; 0   ; 0   ; 0   ; 0   ; 0   ; 0   ; 1   ;
; y.J  ; 0   ; 1   ; 0   ; 0   ; 0   ; 0   ; 0   ; 0   ; 0   ; 0   ; 1   ;
; y.K  ; 1   ; 0   ; 0   ; 0   ; 0   ; 0   ; 0   ; 0   ; 0   ; 0   ; 1   ;
+------+-----+-----+-----+-----+-----+-----+-----+-----+-----+-----+-----+


+------------------------------------------------------+
; General Register Statistics                          ;
+----------------------------------------------+-------+
; Statistic                                    ; Value ;
+----------------------------------------------+-------+
; Total registers                              ; 2091  ;
; Number of registers using Synchronous Clear  ; 8     ;
; Number of registers using Synchronous Load   ; 0     ;
; Number of registers using Asynchronous Clear ; 11    ;
; Number of registers using Asynchronous Load  ; 0     ;
; Number of registers using Clock Enable       ; 2080  ;
; Number of registers using Preset             ; 0     ;
+----------------------------------------------+-------+


+-----------------------------------------------------------------------------------------------------------------------------------------------------------+
; Multiplexer Restructuring Statistics (Restructuring Performed)                                                                                            ;
+--------------------+-----------+---------------+----------------------+------------------------+------------+---------------------------------------------+
; Multiplexer Inputs ; Bus Width ; Baseline Area ; Area if Restructured ; Saving if Restructured ; Registered ; Example Multiplexer Output                  ;
+--------------------+-----------+---------------+----------------------+------------------------+------------+---------------------------------------------+
; 3:1                ; 8 bits    ; 16 LEs        ; 0 LEs                ; 16 LEs                 ; Yes        ; |Particion_Funcional|contador_up:inst1|q[5] ;
; 3:1                ; 8 bits    ; 16 LEs        ; 16 LEs               ; 0 LEs                  ; No         ; |Particion_Funcional|mux2a1:inst14|f[0]     ;
+--------------------+-----------+---------------+----------------------+------------------------+------------+---------------------------------------------+


+----------------------------------------------------------------+
; Parameter Settings for User Entity Instance: comparador:inst16 ;
+----------------+-------+---------------------------------------+
; Parameter Name ; Value ; Type                                  ;
+----------------+-------+---------------------------------------+
; n              ; 8     ; Signed Integer                        ;
+----------------+-------+---------------------------------------+
Note: In order to hide this table in the UI and the text report file, please set the "Show Parameter Settings in Synthesis Report" option in "Analysis and Synthesis Settings -> More Settings" to "Off".


+----------------------------------------------------------------+
; Parameter Settings for User Entity Instance: contador_up:inst1 ;
+----------------+-------+---------------------------------------+
; Parameter Name ; Value ; Type                                  ;
+----------------+-------+---------------------------------------+
; n              ; 8     ; Signed Integer                        ;
+----------------+-------+---------------------------------------+
Note: In order to hide this table in the UI and the text report file, please set the "Show Parameter Settings in Synthesis Report" option in "Analysis and Synthesis Settings -> More Settings" to "Off".


+----------------------------------------------------------------+
; Parameter Settings for User Entity Instance: comparador:inst15 ;
+----------------+-------+---------------------------------------+
; Parameter Name ; Value ; Type                                  ;
+----------------+-------+---------------------------------------+
; n              ; 8     ; Signed Integer                        ;
+----------------+-------+---------------------------------------+
Note: In order to hide this table in the UI and the text report file, please set the "Show Parameter Settings in Synthesis Report" option in "Analysis and Synthesis Settings -> More Settings" to "Off".


+---------------------------------------------------------+
; Parameter Settings for User Entity Instance: ram:inst13 ;
+----------------+-------+--------------------------------+
; Parameter Name ; Value ; Type                           ;
+----------------+-------+--------------------------------+
; n              ; 8     ; Signed Integer                 ;
; m              ; 8     ; Signed Integer                 ;
+----------------+-------+--------------------------------+
Note: In order to hide this table in the UI and the text report file, please set the "Show Parameter Settings in Synthesis Report" option in "Analysis and Synthesis Settings -> More Settings" to "Off".


+------------------------------------------------------------+
; Parameter Settings for User Entity Instance: mux2a1:inst10 ;
+----------------+-------+-----------------------------------+
; Parameter Name ; Value ; Type                              ;
+----------------+-------+-----------------------------------+
; n              ; 8     ; Signed Integer                    ;
+----------------+-------+-----------------------------------+
Note: In order to hide this table in the UI and the text report file, please set the "Show Parameter Settings in Synthesis Report" option in "Analysis and Synthesis Settings -> More Settings" to "Off".


+----------------------------------------------------------------+
; Parameter Settings for User Entity Instance: contador_up:inst3 ;
+----------------+-------+---------------------------------------+
; Parameter Name ; Value ; Type                                  ;
+----------------+-------+---------------------------------------+
; n              ; 8     ; Signed Integer                        ;
+----------------+-------+---------------------------------------+
Note: In order to hide this table in the UI and the text report file, please set the "Show Parameter Settings in Synthesis Report" option in "Analysis and Synthesis Settings -> More Settings" to "Off".


+------------------------------------------------------------+
; Parameter Settings for User Entity Instance: Sumador:inst2 ;
+----------------+-------+-----------------------------------+
; Parameter Name ; Value ; Type                              ;
+----------------+-------+-----------------------------------+
; n              ; 8     ; Signed Integer                    ;
+----------------+-------+-----------------------------------+
Note: In order to hide this table in the UI and the text report file, please set the "Show Parameter Settings in Synthesis Report" option in "Analysis and Synthesis Settings -> More Settings" to "Off".


+------------------------------------------------------------+
; Parameter Settings for User Entity Instance: mux2a1:inst14 ;
+----------------+-------+-----------------------------------+
; Parameter Name ; Value ; Type                              ;
+----------------+-------+-----------------------------------+
; n              ; 8     ; Signed Integer                    ;
+----------------+-------+-----------------------------------+
Note: In order to hide this table in the UI and the text report file, please set the "Show Parameter Settings in Synthesis Report" option in "Analysis and Synthesis Settings -> More Settings" to "Off".


+------------------------------------------------------------+
; Parameter Settings for User Entity Instance: mux2a1:inst18 ;
+----------------+-------+-----------------------------------+
; Parameter Name ; Value ; Type                              ;
+----------------+-------+-----------------------------------+
; n              ; 8     ; Signed Integer                    ;
+----------------+-------+-----------------------------------+
Note: In order to hide this table in the UI and the text report file, please set the "Show Parameter Settings in Synthesis Report" option in "Analysis and Synthesis Settings -> More Settings" to "Off".


+--------------------------------------------------------------+
; Parameter Settings for User Entity Instance: registro:inst22 ;
+----------------+-------+-------------------------------------+
; Parameter Name ; Value ; Type                                ;
+----------------+-------+-------------------------------------+
; n              ; 8     ; Signed Integer                      ;
+----------------+-------+-------------------------------------+
Note: In order to hide this table in the UI and the text report file, please set the "Show Parameter Settings in Synthesis Report" option in "Analysis and Synthesis Settings -> More Settings" to "Off".


+--------------------------------------------------------------+
; Parameter Settings for User Entity Instance: registro:inst21 ;
+----------------+-------+-------------------------------------+
; Parameter Name ; Value ; Type                                ;
+----------------+-------+-------------------------------------+
; n              ; 8     ; Signed Integer                      ;
+----------------+-------+-------------------------------------+
Note: In order to hide this table in the UI and the text report file, please set the "Show Parameter Settings in Synthesis Report" option in "Analysis and Synthesis Settings -> More Settings" to "Off".


+---------------------------------------------------------------+
; Parameter Settings for User Entity Instance: comparador:inst9 ;
+----------------+-------+--------------------------------------+
; Parameter Name ; Value ; Type                                 ;
+----------------+-------+--------------------------------------+
; n              ; 8     ; Signed Integer                       ;
+----------------+-------+--------------------------------------+
Note: In order to hide this table in the UI and the text report file, please set the "Show Parameter Settings in Synthesis Report" option in "Analysis and Synthesis Settings -> More Settings" to "Off".


+-----------------------------------------------------+
; Post-Synthesis Netlist Statistics for Top Partition ;
+-----------------------+-----------------------------+
; Type                  ; Count                       ;
+-----------------------+-----------------------------+
; arriav_ff             ; 2091                        ;
;     CLR               ; 11                          ;
;     ENA               ; 2072                        ;
;     ENA SCLR          ; 8                           ;
; arriav_lcell_comb     ; 1070                        ;
;     arith             ; 16                          ;
;         1 data inputs ; 8                           ;
;         4 data inputs ; 8                           ;
;     normal            ; 1054                        ;
;         2 data inputs ; 5                           ;
;         3 data inputs ; 11                          ;
;         4 data inputs ; 7                           ;
;         5 data inputs ; 11                          ;
;         6 data inputs ; 1020                        ;
; boundary_port         ; 14                          ;
;                       ;                             ;
; Max LUT depth         ; 9.70                        ;
; Average LUT depth     ; 8.69                        ;
+-----------------------+-----------------------------+


+-------------------------------+
; Elapsed Time Per Partition    ;
+----------------+--------------+
; Partition Name ; Elapsed Time ;
+----------------+--------------+
; Top            ; 00:00:02     ;
+----------------+--------------+


+-------------------------------+
; Analysis & Synthesis Messages ;
+-------------------------------+
Info: *******************************************************************
Info: Running Quartus Prime Analysis & Synthesis
    Info: Version 19.1.0 Build 670 09/22/2019 SJ Lite Edition
    Info: Processing started: Sun Aug 22 17:51:12 2021
Info: Command: quartus_map --read_settings_files=on --write_settings_files=off Example_MaxToMin_ordering_in_RAM -c Example_MaxToMin_ordering_in_RAM
Warning (18236): Number of processors has not been specified which may cause overloading on shared machines.  Set the global assignment NUM_PARALLEL_PROCESSORS in your QSF to an appropriate value for best performance.
Info (20030): Parallel compilation is enabled and will use 4 of the 4 processors detected
Info (12021): Found 1 design units, including 1 entities, in source file particion_funcional.bdf
    Info (12023): Found entity 1: Particion_Funcional
Info (12021): Found 2 design units, including 1 entities, in source file sumador.vhd
    Info (12022): Found design unit 1: Sumador-solve File: D:/GoogleDrive/F_BLOG/GITHUB/DigitalSystems/Example_MaxToMin_ordering_in_RAM/Sumador.vhd Line: 18
    Info (12023): Found entity 1: Sumador File: D:/GoogleDrive/F_BLOG/GITHUB/DigitalSystems/Example_MaxToMin_ordering_in_RAM/Sumador.vhd Line: 10
Info (12021): Found 2 design units, including 1 entities, in source file registro.vhd
    Info (12022): Found design unit 1: registro-solve File: D:/GoogleDrive/F_BLOG/GITHUB/DigitalSystems/Example_MaxToMin_ordering_in_RAM/registro.vhd Line: 18
    Info (12023): Found entity 1: registro File: D:/GoogleDrive/F_BLOG/GITHUB/DigitalSystems/Example_MaxToMin_ordering_in_RAM/registro.vhd Line: 9
Info (12021): Found 2 design units, including 1 entities, in source file ram.vhd
    Info (12022): Found design unit 1: ram-solve File: D:/GoogleDrive/F_BLOG/GITHUB/DigitalSystems/Example_MaxToMin_ordering_in_RAM/ram.vhd Line: 21
    Info (12023): Found entity 1: ram File: D:/GoogleDrive/F_BLOG/GITHUB/DigitalSystems/Example_MaxToMin_ordering_in_RAM/ram.vhd Line: 10
Info (12021): Found 2 design units, including 1 entities, in source file mux2a1.vhd
    Info (12022): Found design unit 1: mux2a1-solve File: D:/GoogleDrive/F_BLOG/GITHUB/DigitalSystems/Example_MaxToMin_ordering_in_RAM/mux2a1.vhd Line: 19
    Info (12023): Found entity 1: mux2a1 File: D:/GoogleDrive/F_BLOG/GITHUB/DigitalSystems/Example_MaxToMin_ordering_in_RAM/mux2a1.vhd Line: 9
Info (12021): Found 2 design units, including 1 entities, in source file mss.vhd
    Info (12022): Found design unit 1: MSS-solv File: D:/GoogleDrive/F_BLOG/GITHUB/DigitalSystems/Example_MaxToMin_ordering_in_RAM/MSS.vhd Line: 11
    Info (12023): Found entity 1: MSS File: D:/GoogleDrive/F_BLOG/GITHUB/DigitalSystems/Example_MaxToMin_ordering_in_RAM/MSS.vhd Line: 6
Info (12021): Found 2 design units, including 1 entities, in source file contador_up.vhd
    Info (12022): Found design unit 1: contador_up-solve File: D:/GoogleDrive/F_BLOG/GITHUB/DigitalSystems/Example_MaxToMin_ordering_in_RAM/contador_up.vhd Line: 19
    Info (12023): Found entity 1: contador_up File: D:/GoogleDrive/F_BLOG/GITHUB/DigitalSystems/Example_MaxToMin_ordering_in_RAM/contador_up.vhd Line: 10
Info (12021): Found 2 design units, including 1 entities, in source file comparador.vhd
    Info (12022): Found design unit 1: comparador-solve File: D:/GoogleDrive/F_BLOG/GITHUB/DigitalSystems/Example_MaxToMin_ordering_in_RAM/comparador.vhd Line: 18
    Info (12023): Found entity 1: comparador File: D:/GoogleDrive/F_BLOG/GITHUB/DigitalSystems/Example_MaxToMin_ordering_in_RAM/comparador.vhd Line: 9
Info (12127): Elaborating entity "Particion_Funcional" for the top level hierarchy
Info (12128): Elaborating entity "MSS" for hierarchy "MSS:inst17"
Warning (10492): VHDL Process Statement warning at MSS.vhd(64): signal "entradas" is read inside the Process Statement but isn't in the Process Statement's sensitivity list File: D:/GoogleDrive/F_BLOG/GITHUB/DigitalSystems/Example_MaxToMin_ordering_in_RAM/MSS.vhd Line: 64
Warning (10492): VHDL Process Statement warning at MSS.vhd(65): signal "entradas" is read inside the Process Statement but isn't in the Process Statement's sensitivity list File: D:/GoogleDrive/F_BLOG/GITHUB/DigitalSystems/Example_MaxToMin_ordering_in_RAM/MSS.vhd Line: 65
Warning (10492): VHDL Process Statement warning at MSS.vhd(72): signal "entradas" is read inside the Process Statement but isn't in the Process Statement's sensitivity list File: D:/GoogleDrive/F_BLOG/GITHUB/DigitalSystems/Example_MaxToMin_ordering_in_RAM/MSS.vhd Line: 72
Warning (10492): VHDL Process Statement warning at MSS.vhd(77): signal "entradas" is read inside the Process Statement but isn't in the Process Statement's sensitivity list File: D:/GoogleDrive/F_BLOG/GITHUB/DigitalSystems/Example_MaxToMin_ordering_in_RAM/MSS.vhd Line: 77
Info (12128): Elaborating entity "comparador" for hierarchy "comparador:inst16"
Info (12128): Elaborating entity "contador_up" for hierarchy "contador_up:inst1"
Info (12128): Elaborating entity "ram" for hierarchy "ram:inst13"
Info (12128): Elaborating entity "mux2a1" for hierarchy "mux2a1:inst10"
Info (12128): Elaborating entity "Sumador" for hierarchy "Sumador:inst2"
Info (12128): Elaborating entity "registro" for hierarchy "registro:inst22"
Info (276014): Found 1 instances of uninferred RAM logic
    Info (276007): RAM logic "ram:inst13|tmp_ram" is uninferred due to asynchronous read logic File: D:/GoogleDrive/F_BLOG/GITHUB/DigitalSystems/Example_MaxToMin_ordering_in_RAM/ram.vhd Line: 24
Info (286030): Timing-Driven Synthesis is running
Info (16010): Generating hard_block partition "hard_block:auto_generated_inst"
    Info (16011): Adding 0 node(s), including 0 DDIO, 0 PLL, 0 transceiver and 0 LCELL
Info (21057): Implemented 3148 device resources after synthesis - the final resource count might be different
    Info (21058): Implemented 12 input pins
    Info (21059): Implemented 2 output pins
    Info (21061): Implemented 3134 logic cells
Info: Quartus Prime Analysis & Synthesis was successful. 0 errors, 5 warnings
    Info: Peak virtual memory: 4853 megabytes
    Info: Processing ended: Sun Aug 22 17:51:24 2021
    Info: Elapsed time: 00:00:12
    Info: Total CPU time (on all processors): 00:00:26


