Flow report for Example_MaxToMin_ordering_in_RAM
Sun Aug 22 17:53:30 2021
Quartus Prime Version 19.1.0 Build 670 09/22/2019 SJ Lite Edition


---------------------
; Table of Contents ;
---------------------
  1. Legal Notice
  2. Flow Summary
  3. Flow Settings
  4. Flow Non-Default Global Settings
  5. Flow Elapsed Time
  6. Flow OS Summary
  7. Flow Log
  8. Flow Messages
  9. Flow Suppressed Messages



----------------
; Legal Notice ;
----------------
Copyright (C) 2019  Intel Corporation. All rights reserved.
Your use of Intel Corporation's design tools, logic functions 
and other software and tools, and any partner logic 
functions, and any output files from any of the foregoing 
(including device programming or simulation files), and any 
associated documentation or information are expressly subject 
to the terms and conditions of the Intel Program License 
Subscription Agreement, the Intel Quartus Prime License Agreement,
the Intel FPGA IP License Agreement, or other applicable license
agreement, including, without limitation, that your use is for
the sole purpose of programming logic devices manufactured by
Intel and sold by Intel or its authorized distributors.  Please
refer to the applicable agreement for further details, at
https://fpgasoftware.intel.com/eula.



+-------------------------------------------------------------------------------+
; Flow Summary                                                                  ;
+---------------------------------+---------------------------------------------+
; Flow Status                     ; Successful - Sun Aug 22 17:53:16 2021       ;
; Quartus Prime Version           ; 19.1.0 Build 670 09/22/2019 SJ Lite Edition ;
; Revision Name                   ; Example_MaxToMin_ordering_in_RAM            ;
; Top-level Entity Name           ; Particion_Funcional                         ;
; Family                          ; Cyclone V                                   ;
; Device                          ; 5CSEBA6U23I7                                ;
; Timing Models                   ; Final                                       ;
; Logic utilization (in ALMs)     ; 1,174 / 41,910 ( 3 % )                      ;
; Total registers                 ; 2091                                        ;
; Total pins                      ; 14 / 314 ( 4 % )                            ;
; Total virtual pins              ; 0                                           ;
; Total block memory bits         ; 0 / 5,662,720 ( 0 % )                       ;
; Total DSP Blocks                ; 0 / 112 ( 0 % )                             ;
; Total HSSI RX PCSs              ; 0                                           ;
; Total HSSI PMA RX Deserializers ; 0                                           ;
; Total HSSI TX PCSs              ; 0                                           ;
; Total HSSI PMA TX Serializers   ; 0                                           ;
; Total PLLs                      ; 0 / 6 ( 0 % )                               ;
; Total DLLs                      ; 0 / 4 ( 0 % )                               ;
+---------------------------------+---------------------------------------------+


+------------------------------------------------------+
; Flow Settings                                        ;
+-------------------+----------------------------------+
; Option            ; Setting                          ;
+-------------------+----------------------------------+
; Start date & time ; 08/22/2021 17:51:12              ;
; Main task         ; Compilation                      ;
; Revision Name     ; Example_MaxToMin_ordering_in_RAM ;
+-------------------+----------------------------------+


+----------------------------------------------------------------------------------------------------------------------------------------------------+
; Flow Non-Default Global Settings                                                                                                                   ;
+-------------------------------------+----------------------------------------+----------------------------------+---------------------+------------+
; Assignment Name                     ; Value                                  ; Default Value                    ; Entity Name         ; Section Id ;
+-------------------------------------+----------------------------------------+----------------------------------+---------------------+------------+
; COMPILER_SIGNATURE_ID               ; 220295162292527.162967267219048        ; --                               ; --                  ; --         ;
; MAX_CORE_JUNCTION_TEMP              ; 100                                    ; --                               ; --                  ; --         ;
; MIN_CORE_JUNCTION_TEMP              ; -40                                    ; --                               ; --                  ; --         ;
; PARTITION_COLOR                     ; -- (Not supported for targeted family) ; --                               ; Particion_Funcional ; Top        ;
; PARTITION_FITTER_PRESERVATION_LEVEL ; -- (Not supported for targeted family) ; --                               ; Particion_Funcional ; Top        ;
; PARTITION_NETLIST_TYPE              ; -- (Not supported for targeted family) ; --                               ; Particion_Funcional ; Top        ;
; PROJECT_OUTPUT_DIRECTORY            ; output_files                           ; --                               ; --                  ; --         ;
; TOP_LEVEL_ENTITY                    ; Particion_Funcional                    ; Example_MaxToMin_ordering_in_RAM ; --                  ; --         ;
+-------------------------------------+----------------------------------------+----------------------------------+---------------------+------------+


+--------------------------------------------------------------------------------------------------------------------------+
; Flow Elapsed Time                                                                                                        ;
+----------------------+--------------+-------------------------+---------------------+------------------------------------+
; Module Name          ; Elapsed Time ; Average Processors Used ; Peak Virtual Memory ; Total CPU Time (on all processors) ;
+----------------------+--------------+-------------------------+---------------------+------------------------------------+
; Analysis & Synthesis ; 00:00:11     ; 1.0                     ; 4853 MB             ; 00:00:26                           ;
; Fitter               ; 00:01:39     ; 1.1                     ; 6635 MB             ; 00:03:51                           ;
; Assembler            ; 00:00:10     ; 1.0                     ; 4853 MB             ; 00:00:09                           ;
; Timing Analyzer      ; 00:00:13     ; 2.2                     ; 5233 MB             ; 00:00:24                           ;
; Total                ; 00:02:13     ; --                      ; --                  ; 00:04:50                           ;
+----------------------+--------------+-------------------------+---------------------+------------------------------------+


+------------------------------------------------------------------------------------+
; Flow OS Summary                                                                    ;
+----------------------+------------------+------------+------------+----------------+
; Module Name          ; Machine Hostname ; OS Name    ; OS Version ; Processor type ;
+----------------------+------------------+------------+------------+----------------+
; Analysis & Synthesis ; DESKTOP-CPSEE1R  ; Windows 10 ; 10.0       ; x86_64         ;
; Fitter               ; DESKTOP-CPSEE1R  ; Windows 10 ; 10.0       ; x86_64         ;
; Assembler            ; DESKTOP-CPSEE1R  ; Windows 10 ; 10.0       ; x86_64         ;
; Timing Analyzer      ; DESKTOP-CPSEE1R  ; Windows 10 ; 10.0       ; x86_64         ;
+----------------------+------------------+------------+------------+----------------+


------------
; Flow Log ;
------------
quartus_map --read_settings_files=on --write_settings_files=off Example_MaxToMin_ordering_in_RAM -c Example_MaxToMin_ordering_in_RAM
quartus_fit --read_settings_files=off --write_settings_files=off Example_MaxToMin_ordering_in_RAM -c Example_MaxToMin_ordering_in_RAM
quartus_asm --read_settings_files=off --write_settings_files=off Example_MaxToMin_ordering_in_RAM -c Example_MaxToMin_ordering_in_RAM
quartus_sta Example_MaxToMin_ordering_in_RAM -c Example_MaxToMin_ordering_in_RAM



